1717213675532	geckodriver	INFO	Listening on 127.0.0.1:53755
1717213678564	mozrunner::runner	INFO	Running command: "C:\\Program Files\\Mozilla Firefox\\firefox.exe" "--marionette" "--remote-debugging-port" "53756" "--remote-allow-hosts" "localhost" "-no-remote" "-profile" "C:\\Users\\naren\\AppData\\Local\\Temp\\rust_mozprofileW2Eh8c"
console.warn: services.settings: Ignoring preference override of remote settings server
console.warn: services.settings: Allow by setting MOZ_REMOTE_SETTINGS_DEVTOOLS=1 in the environment
Dynamically enable window occlusion 0
1717213678848	Marionette	INFO	Marionette enabled
1717213678914	Marionette	INFO	Listening on port 53763
WebDriver BiDi listening on ws://127.0.0.1:53756
Read port: 53763
1717213679075	RemoteAgent	WARN	TLS certificate errors will be ignored for this session
DevTools listening on ws://127.0.0.1:53756/devtools/browser/139767f3-8240-41ef-afa7-cd2ec880984c
console.warn: LoginRecipes: "Falling back to a synchronous message for: https://testautomationchallenge-manager.testenv.impel.io."
console.warn: LoginRecipes: "Falling back to a synchronous message for: https://testautomationchallenge-manager.testenv.impel.io."
JavaScript warning: https://testautomationchallenge-manager.testenv.impel.io/static/2.0/js/mergesort.js?_=, line 14: asm.js type error: expected name of exported function
JavaScript warning: https://testautomationchallenge-manager.testenv.impel.io/static/2.0/js/mergesort.js?_=, line 21: asm.js type error: unsupported import expression
JavaScript warning: https://testautomationchallenge-manager.testenv.impel.io/static/2.0/js/mergesort.js?_=, line 40: asm.js type error: unsupported import expression
JavaScript warning: https://testautomationchallenge-manager.testenv.impel.io/static/2.0/js/mergesort.js?_=, line 14: asm.js type error: expected name of exported function
JavaScript warning: https://testautomationchallenge-manager.testenv.impel.io/static/2.0/js/mergesort.js?_=, line 21: asm.js type error: unsupported import expression
JavaScript warning: https://testautomationchallenge-manager.testenv.impel.io/static/2.0/js/mergesort.js?_=, line 40: asm.js type error: unsupported import expression
JavaScript warning: https://testautomationchallenge-manager.testenv.impel.io/static/2.0/js/mergesort.js?_=, line 14: asm.js type error: expected name of exported function
JavaScript warning: https://testautomationchallenge-manager.testenv.impel.io/static/2.0/js/mergesort.js?_=, line 21: asm.js type error: unsupported import expression
JavaScript warning: https://testautomationchallenge-manager.testenv.impel.io/static/2.0/js/mergesort.js?_=, line 40: asm.js type error: unsupported import expression
1717213708873	addons.xpi	ERROR	System addon update list error SyntaxError: XMLHttpRequest.open: 'http://%(server)s/dummy-system-addons.xml' is not a valid URL.
JavaScript warning: https://testautomationchallenge-manager.testenv.impel.io/static/2.0/js/mergesort.js?_=, line 14: asm.js type error: expected name of exported function
JavaScript warning: https://testautomationchallenge-manager.testenv.impel.io/static/2.0/js/mergesort.js?_=, line 21: asm.js type error: unsupported import expression
JavaScript warning: https://testautomationchallenge-manager.testenv.impel.io/static/2.0/js/mergesort.js?_=, line 40: asm.js type error: unsupported import expression
Exiting due to channel error.
Exiting due to channel error.
Exiting due to channel error.
Exiting due to channel error.
Exiting due to channel error.
